info it worked if it ends with ok
verbose cli [ 'node', '/usr/local/bin/npm', 'publish' ]
info using npm@1.0.99
info using node@v0.4.12
verbose /usr/local/bin/node node symlink
verbose config file /Users/trek/.npmrc
verbose config file /usr/local/etc/npmrc
verbose config file /usr/local/lib/node_modules/npm/npmrc
verbose publish [ '.' ]
silly testEngine { name: 'fleck',
silly testEngine   description: 'a functional-style string inflection library',
silly testEngine   version: '0.5.0',
silly testEngine   keywords: [ 'fleck', 'ender', 'sting', 'inflection', 'pluralize' ],
silly testEngine   homepage: 'http://example.com',
silly testEngine   author: 
silly testEngine    { name: 'Trek Glowacki',
silly testEngine      email: 'trek.glowacki@gmail.com',
silly testEngine      url: 'http://github.com/trek' },
silly testEngine   contributors: 
silly testEngine    [ { name: 'Joe Fiorini',
silly testEngine        url: 'https://github.com/joefiorini' } ],
silly testEngine   repository: 
silly testEngine    { type: 'git',
silly testEngine      url: 'git://github.com/trek/fleck.git' },
silly testEngine   main: './public/javascripts/fleck.js',
silly testEngine   ender: 'noop',
silly testEngine   _npmUser: { name: 'trek', email: 'trek.glowacki@gmail.com' },
silly testEngine   _id: 'fleck@0.5.0',
silly testEngine   dependencies: {},
silly testEngine   devDependencies: {},
silly testEngine   engines: { node: '*' },
silly testEngine   _engineSupported: true,
silly testEngine   _npmVersion: '1.0.99',
silly testEngine   _nodeVersion: 'v0.4.12',
silly testEngine   _defaultsLoaded: true,
silly testEngine   scripts: {} }
verbose caching /Users/trek/Development/fleck/package.json
verbose loadDefaults fleck@0.5.0
info prepublish fleck@0.5.0
verbose cache add [ '.', null ]
silly cache add: name, spec, args [ undefined, '.', [ '.', null ] ]
verbose parsed url { pathname: '.', href: '.' }
silly testEngine { name: 'fleck',
silly testEngine   description: 'a functional-style string inflection library',
silly testEngine   version: '0.5.0',
silly testEngine   keywords: [ 'fleck', 'ender', 'sting', 'inflection', 'pluralize' ],
silly testEngine   homepage: 'http://example.com',
silly testEngine   author: 
silly testEngine    { name: 'Trek Glowacki',
silly testEngine      email: 'trek.glowacki@gmail.com',
silly testEngine      url: 'http://github.com/trek' },
silly testEngine   contributors: 
silly testEngine    [ { name: 'Joe Fiorini',
silly testEngine        url: 'https://github.com/joefiorini' } ],
silly testEngine   repository: 
silly testEngine    { type: 'git',
silly testEngine      url: 'git://github.com/trek/fleck.git' },
silly testEngine   main: './public/javascripts/fleck.js',
silly testEngine   ender: 'noop',
silly testEngine   _npmUser: { name: 'trek', email: 'trek.glowacki@gmail.com' },
silly testEngine   _id: 'fleck@0.5.0',
silly testEngine   dependencies: {},
silly testEngine   devDependencies: {},
silly testEngine   engines: { node: '*' },
silly testEngine   _engineSupported: true,
silly testEngine   _npmVersion: '1.0.99',
silly testEngine   _nodeVersion: 'v0.4.12',
silly testEngine   _defaultsLoaded: true,
silly testEngine   path: '/Users/trek/Development/fleck' }
verbose caching package.json
verbose loadDefaults fleck@0.5.0
verbose pack /Users/trek/Development/fleck /var/folders/qq/2p0q_zqj7lld1zcp474ybz5h0000gn/T/npm-1319038129349/1319038129349-0.9231148238759488/tmp.tgz
verbose mkdir (expected) error ENOENT, No such file or directory '/var/folders/qq/2p0q_zqj7lld1zcp474ybz5h0000gn/T/npm-1319038129349'
verbose mkdir (expected) error ENOENT, No such file or directory '/var/folders/qq/2p0q_zqj7lld1zcp474ybz5h0000gn/T/npm-1319038129349/1319038129349-0.9231148238759488'
verbose mkdir done: /var/folders/qq/2p0q_zqj7lld1zcp474ybz5h0000gn/T/npm-1319038129349/1319038129349-0.9231148238759488 755
verbose mkdir'ed /var/folders/qq/2p0q_zqj7lld1zcp474ybz5h0000gn/T/npm-1319038129349/1319038129349-0.9231148238759488
verbose tar about to write tar and gzip it.
silly tar args [ '-czvf', '-', '-T', '-' ]
silly spawning [ 'tar',
silly spawning   [ '-czvf', '-', '-T', '-' ],
silly spawning   '/Users/trek/Development' ]
verbose mkdir (expected) error ENOENT, No such file or directory '/var/folders/qq/2p0q_zqj7lld1zcp474ybz5h0000gn/T/npm-1319038129349/1319038129349-0.9231148238759488/contents'
verbose mkdir (expected) error ENOENT, No such file or directory '/var/folders/qq/2p0q_zqj7lld1zcp474ybz5h0000gn/T/npm-1319038129349/1319038129349-0.9231148238759488/contents/___package.npm'
verbose mkdir done: /var/folders/qq/2p0q_zqj7lld1zcp474ybz5h0000gn/T/npm-1319038129349/1319038129349-0.9231148238759488/contents/___package.npm 755
verbose unpack_ uid, gid [ undefined, undefined ]
verbose unpackTarget /var/folders/qq/2p0q_zqj7lld1zcp474ybz5h0000gn/T/npm-1319038129349/1319038129349-0.9231148238759488/contents/package
silly gunzTarPerm modes [ '755', '644' ]
silly spawning [ 'tar',
silly spawning   [ '-zmvxpf',
silly spawning     '/var/folders/qq/2p0q_zqj7lld1zcp474ybz5h0000gn/T/npm-1319038129349/1319038129349-0.9231148238759488/tmp.tgz',
silly spawning     '-o' ],
silly spawning   '/var/folders/qq/2p0q_zqj7lld1zcp474ybz5h0000gn/T/npm-1319038129349/1319038129349-0.9231148238759488/contents/___package.npm' ]
silly tar err x fleck/package.json
silly tar err x fleck/Rakefile
silly tar err x fleck/README
silly tar err x fleck/public/javascripts/fleck.js
silly tar err x fleck/spec/javascripts/InflectionSpec.js
silly tar err x fleck/spec/javascripts/support/jasmine.yml
silly tar err x fleck/spec/javascripts/support/jasmine_config.rb
silly tar err x fleck/spec/javascripts/support/jasmine_runner.rb
silly asyncMap in gTP /var/folders/qq/2p0q_zqj7lld1zcp474ybz5h0000gn/T/npm-1319038129349/1319038129349-0.9231148238759488/contents/___package.npm/fleck
silly asyncMap in gTP /var/folders/qq/2p0q_zqj7lld1zcp474ybz5h0000gn/T/npm-1319038129349/1319038129349-0.9231148238759488/contents/___package.npm/fleck/package.json
silly asyncMap in gTP /var/folders/qq/2p0q_zqj7lld1zcp474ybz5h0000gn/T/npm-1319038129349/1319038129349-0.9231148238759488/contents/___package.npm/fleck/Rakefile
silly asyncMap in gTP /var/folders/qq/2p0q_zqj7lld1zcp474ybz5h0000gn/T/npm-1319038129349/1319038129349-0.9231148238759488/contents/___package.npm/fleck/README
silly asyncMap in gTP /var/folders/qq/2p0q_zqj7lld1zcp474ybz5h0000gn/T/npm-1319038129349/1319038129349-0.9231148238759488/contents/___package.npm/fleck/public
silly asyncMap in gTP /var/folders/qq/2p0q_zqj7lld1zcp474ybz5h0000gn/T/npm-1319038129349/1319038129349-0.9231148238759488/contents/___package.npm/fleck/public/javascripts
silly asyncMap in gTP /var/folders/qq/2p0q_zqj7lld1zcp474ybz5h0000gn/T/npm-1319038129349/1319038129349-0.9231148238759488/contents/___package.npm/fleck/public/javascripts/fleck.js
silly asyncMap in gTP /var/folders/qq/2p0q_zqj7lld1zcp474ybz5h0000gn/T/npm-1319038129349/1319038129349-0.9231148238759488/contents/___package.npm/fleck/spec
silly asyncMap in gTP /var/folders/qq/2p0q_zqj7lld1zcp474ybz5h0000gn/T/npm-1319038129349/1319038129349-0.9231148238759488/contents/___package.npm/fleck/spec/javascripts
silly asyncMap in gTP /var/folders/qq/2p0q_zqj7lld1zcp474ybz5h0000gn/T/npm-1319038129349/1319038129349-0.9231148238759488/contents/___package.npm/fleck/spec/javascripts/InflectionSpec.js
silly asyncMap in gTP /var/folders/qq/2p0q_zqj7lld1zcp474ybz5h0000gn/T/npm-1319038129349/1319038129349-0.9231148238759488/contents/___package.npm/fleck/spec/javascripts/support
silly asyncMap in gTP /var/folders/qq/2p0q_zqj7lld1zcp474ybz5h0000gn/T/npm-1319038129349/1319038129349-0.9231148238759488/contents/___package.npm/fleck/spec/javascripts/support/jasmine.yml
silly asyncMap in gTP /var/folders/qq/2p0q_zqj7lld1zcp474ybz5h0000gn/T/npm-1319038129349/1319038129349-0.9231148238759488/contents/___package.npm/fleck/spec/javascripts/support/jasmine_config.rb
silly asyncMap in gTP /var/folders/qq/2p0q_zqj7lld1zcp474ybz5h0000gn/T/npm-1319038129349/1319038129349-0.9231148238759488/contents/___package.npm/fleck/spec/javascripts/support/jasmine_runner.rb
verbose gunzed /var/folders/qq/2p0q_zqj7lld1zcp474ybz5h0000gn/T/npm-1319038129349/1319038129349-0.9231148238759488/contents/___package.npm/fleck
verbose rm'ed /var/folders/qq/2p0q_zqj7lld1zcp474ybz5h0000gn/T/npm-1319038129349/1319038129349-0.9231148238759488/contents/package
verbose renamed [ '/var/folders/qq/2p0q_zqj7lld1zcp474ybz5h0000gn/T/npm-1319038129349/1319038129349-0.9231148238759488/contents/___package.npm/fleck',
verbose renamed   '/var/folders/qq/2p0q_zqj7lld1zcp474ybz5h0000gn/T/npm-1319038129349/1319038129349-0.9231148238759488/contents/package' ]
silly testEngine { name: 'fleck',
silly testEngine   description: 'a functional-style string inflection library',
silly testEngine   version: '0.5.0',
silly testEngine   keywords: [ 'fleck', 'ender', 'sting', 'inflection', 'pluralize' ],
silly testEngine   homepage: 'http://example.com',
silly testEngine   author: 
silly testEngine    { name: 'Trek Glowacki',
silly testEngine      email: 'trek.glowacki@gmail.com',
silly testEngine      url: 'http://github.com/trek' },
silly testEngine   contributors: 
silly testEngine    [ { name: 'Joe Fiorini',
silly testEngine        url: 'https://github.com/joefiorini' } ],
silly testEngine   repository: 
silly testEngine    { type: 'git',
silly testEngine      url: 'git://github.com/trek/fleck.git' },
silly testEngine   main: './public/javascripts/fleck.js',
silly testEngine   ender: 'noop',
silly testEngine   _npmUser: { name: 'trek', email: 'trek.glowacki@gmail.com' },
silly testEngine   _id: 'fleck@0.5.0',
silly testEngine   dependencies: {},
silly testEngine   devDependencies: {},
silly testEngine   engines: { node: '*' },
silly testEngine   _engineSupported: true,
silly testEngine   _npmVersion: '1.0.99',
silly testEngine   _nodeVersion: 'v0.4.12',
silly testEngine   _defaultsLoaded: true,
silly testEngine   path: '/var/folders/qq/2p0q_zqj7lld1zcp474ybz5h0000gn/T/npm-1319038129349/1319038129349-0.9231148238759488/contents/package' }
verbose caching /var/folders/qq/2p0q_zqj7lld1zcp474ybz5h0000gn/T/npm-1319038129349/1319038129349-0.9231148238759488/contents/package/package.json
verbose loadDefaults fleck@0.5.0
verbose tarball contents [ 'package' ]
verbose from cache /var/folders/qq/2p0q_zqj7lld1zcp474ybz5h0000gn/T/npm-1319038129349/1319038129349-0.9231148238759488/contents/package/package.json
verbose pack /var/folders/qq/2p0q_zqj7lld1zcp474ybz5h0000gn/T/npm-1319038129349/1319038129349-0.9231148238759488/contents/package /Users/trek/.npm/fleck/0.5.0/package.tgz
verbose mkdir'ed /Users/trek/.npm/fleck/0.5.0
verbose tar about to write tar and gzip it.
silly tar args [ '-czvf', '-', '-T', '-' ]
silly spawning [ 'tar',
silly spawning   [ '-czvf', '-', '-T', '-' ],
silly spawning   '/var/folders/qq/2p0q_zqj7lld1zcp474ybz5h0000gn/T/npm-1319038129349/1319038129349-0.9231148238759488/contents' ]
verbose mkdir (expected) error ENOENT, No such file or directory '/Users/trek/.npm/fleck/0.5.0/___package.npm'
verbose mkdir done: /Users/trek/.npm/fleck/0.5.0/___package.npm 755
verbose unpack_ uid, gid [ undefined, undefined ]
verbose unpackTarget /Users/trek/.npm/fleck/0.5.0/package
silly gunzTarPerm modes [ '755', '644' ]
silly spawning [ 'tar',
silly spawning   [ '-zmvxpf',
silly spawning     '/Users/trek/.npm/fleck/0.5.0/package.tgz',
silly spawning     '-o' ],
silly spawning   '/Users/trek/.npm/fleck/0.5.0/___package.npm' ]
silly tar err x package/package.json
silly tar err x package/Rakefile
silly tar err x package/README
silly tar err x package/public/javascripts/fleck.js
silly tar err x package/spec/javascripts/InflectionSpec.js
silly tar err x package/spec/javascripts/support/jasmine.yml
silly tar err x package/spec/javascripts/support/jasmine_config.rb
silly tar err x package/spec/javascripts/support/jasmine_runner.rb
silly asyncMap in gTP /Users/trek/.npm/fleck/0.5.0/___package.npm/package
silly asyncMap in gTP /Users/trek/.npm/fleck/0.5.0/___package.npm/package/package.json
silly asyncMap in gTP /Users/trek/.npm/fleck/0.5.0/___package.npm/package/Rakefile
silly asyncMap in gTP /Users/trek/.npm/fleck/0.5.0/___package.npm/package/README
silly asyncMap in gTP /Users/trek/.npm/fleck/0.5.0/___package.npm/package/public
silly asyncMap in gTP /Users/trek/.npm/fleck/0.5.0/___package.npm/package/public/javascripts
silly asyncMap in gTP /Users/trek/.npm/fleck/0.5.0/___package.npm/package/public/javascripts/fleck.js
silly asyncMap in gTP /Users/trek/.npm/fleck/0.5.0/___package.npm/package/spec
silly asyncMap in gTP /Users/trek/.npm/fleck/0.5.0/___package.npm/package/spec/javascripts
silly asyncMap in gTP /Users/trek/.npm/fleck/0.5.0/___package.npm/package/spec/javascripts/InflectionSpec.js
silly asyncMap in gTP /Users/trek/.npm/fleck/0.5.0/___package.npm/package/spec/javascripts/support
silly asyncMap in gTP /Users/trek/.npm/fleck/0.5.0/___package.npm/package/spec/javascripts/support/jasmine.yml
silly asyncMap in gTP /Users/trek/.npm/fleck/0.5.0/___package.npm/package/spec/javascripts/support/jasmine_config.rb
silly asyncMap in gTP /Users/trek/.npm/fleck/0.5.0/___package.npm/package/spec/javascripts/support/jasmine_runner.rb
verbose gunzed /Users/trek/.npm/fleck/0.5.0/___package.npm/package
verbose rm'ed /Users/trek/.npm/fleck/0.5.0/package
verbose renamed [ '/Users/trek/.npm/fleck/0.5.0/___package.npm/package',
verbose renamed   '/Users/trek/.npm/fleck/0.5.0/package' ]
silly testEngine { name: 'fleck',
silly testEngine   description: 'a functional-style string inflection library',
silly testEngine   version: '0.5.0',
silly testEngine   keywords: [ 'fleck', 'ender', 'sting', 'inflection', 'pluralize' ],
silly testEngine   homepage: 'http://example.com',
silly testEngine   author: 
silly testEngine    { name: 'Trek Glowacki',
silly testEngine      email: 'trek.glowacki@gmail.com',
silly testEngine      url: 'http://github.com/trek' },
silly testEngine   contributors: 
silly testEngine    [ { name: 'Joe Fiorini',
silly testEngine        url: 'https://github.com/joefiorini' } ],
silly testEngine   repository: 
silly testEngine    { type: 'git',
silly testEngine      url: 'git://github.com/trek/fleck.git' },
silly testEngine   main: './public/javascripts/fleck.js',
silly testEngine   ender: 'noop',
silly testEngine   _npmUser: { name: 'trek', email: 'trek.glowacki@gmail.com' },
silly testEngine   _id: 'fleck@0.5.0',
silly testEngine   dependencies: {},
silly testEngine   devDependencies: {},
silly testEngine   engines: { node: '*' },
silly testEngine   _engineSupported: true,
silly testEngine   _npmVersion: '1.0.99',
silly testEngine   _nodeVersion: 'v0.4.12',
silly testEngine   _defaultsLoaded: true,
silly testEngine   dist: 
silly testEngine    { shasum: '5ba9d610cc08a57512e3dae9d7d09a9dc5472f6b',
silly testEngine      tarball: 'http://registry.npmjs.org/fleck/-/fleck-0.5.0.tgz' } }
verbose caching /Users/trek/.npm/fleck/0.5.0/package/package.json
verbose loadDefaults fleck@0.5.0
silly updated sha bytes 10240
info shasum 5ba9d610cc08a57512e3dae9d7d09a9dc5472f6b
info shasum /Users/trek/.npm/fleck/0.5.0/package.tgz
verbose from cache /Users/trek/.npm/fleck/0.5.0/package/package.json
verbose chmod /Users/trek/.npm/fleck/0.5.0/package.tgz 644
verbose chown [ '/Users/trek/.npm/fleck/0.5.0/package.tgz', 501, 20 ]
silly publish { name: 'fleck',
silly publish   description: 'a functional-style string inflection library',
silly publish   version: '0.5.0',
silly publish   keywords: [ 'fleck', 'ender', 'sting', 'inflection', 'pluralize' ],
silly publish   homepage: 'http://example.com',
silly publish   author: 
silly publish    { name: 'Trek Glowacki',
silly publish      email: 'trek.glowacki@gmail.com',
silly publish      url: 'http://github.com/trek' },
silly publish   contributors: 
silly publish    [ { name: 'Joe Fiorini',
silly publish        url: 'https://github.com/joefiorini' } ],
silly publish   repository: 
silly publish    { type: 'git',
silly publish      url: 'git://github.com/trek/fleck.git' },
silly publish   main: './public/javascripts/fleck.js',
silly publish   ender: 'noop',
silly publish   _npmUser: { name: 'trek', email: 'trek.glowacki@gmail.com' },
silly publish   _id: 'fleck@0.5.0',
silly publish   dependencies: {},
silly publish   devDependencies: {},
silly publish   engines: { node: '*' },
silly publish   _engineSupported: true,
silly publish   _npmVersion: '1.0.99',
silly publish   _nodeVersion: 'v0.4.12',
silly publish   _defaultsLoaded: true,
silly publish   dist: 
silly publish    { shasum: '5ba9d610cc08a57512e3dae9d7d09a9dc5472f6b',
silly publish      tarball: 'http://registry.npmjs.org/fleck/-/fleck-0.5.0.tgz' } }
verbose PUT fleck
verbose raw, before any munging fleck
verbose url resolving [ 'https://registry.npmjs.org/', './fleck' ]
verbose url resolved https://registry.npmjs.org/fleck
verbose GET fleck
verbose raw, before any munging fleck
verbose url resolving [ 'https://registry.npmjs.org/', './fleck' ]
verbose url resolved https://registry.npmjs.org/fleck
info Already published fleck@0.5.0
verbose uploading bin dists []
ERR! publish fail Cannot publish over existing version.
ERR! publish fail Bump the 'version' field, set the --force flag, or
ERR! publish fail     npm unpublish 'fleck@0.5.0'
ERR! publish fail and try again
ERR! 
ERR! System Darwin 11.2.0
ERR! command "node" "/usr/local/bin/npm" "publish"
ERR! cwd /Users/trek/Development/fleck
ERR! node -v v0.4.12
ERR! npm -v 1.0.99
ERR! code EPUBLISHCONFLICT
verbose exit [ 1, true ]
